<?xml version="1.0" encoding="UTF-8"?>
<!-- Generated by org.testng.reporters.JUnitXMLReporter -->
<testsuite ignored="0" hostname="DESKTOP-QVFICS5" failures="0" tests="8" name="Default test" time="65.751" errors="0" timestamp="2022-12-27T21:23:15 EST">
  <testcase classname="TestLUMA.TestPageLuma" name="test1" time="0.973"/>
  <testcase classname="TestLUMA.TestPageLuma" name="test2" time="0.758"/>
  <testcase classname="TestLUMA.TestPageLuma" name="test3" time="3.494"/>
  <testcase classname="TestLUMA.TestPageLuma" name="test4" time="4.268"/>
  <testcase classname="TestLUMA.TestPageLuma" name="test5" time="4.21"/>
  <testcase classname="TestLUMA.TestPageLuma" name="test6" time="2.115"/>
  <testcase classname="TestLUMA.TestPageLuma" name="test7" time="5.232"/>
  <testcase classname="TestLUMA.TestPageLuma" name="test8" time="30.815"/>
</testsuite> <!-- Default test -->
