<?xml version="1.0" encoding="UTF-8"?>
<testng-results ignored="0" total="8" passed="8" failed="0" skipped="0">
  <reporter-output>
  </reporter-output>
  <suite started-at="2022-12-27T21:22:10 EST" name="Default suite" finished-at="2022-12-27T21:23:15 EST" duration-ms="65751">
    <groups>
    </groups>
    <test started-at="2022-12-27T21:22:10 EST" name="Default test" finished-at="2022-12-27T21:23:15 EST" duration-ms="65751">
      <class name="TestLUMA.TestPageLuma">
        <test-method is-config="true" signature="Bc()[pri:0, instance:TestLUMA.TestPageLuma@67c27493]" started-at="2022-12-27T21:22:10 EST" name="Bc" finished-at="2022-12-27T21:22:17 EST" duration-ms="7764" status="PASS">
          <reporter-output>
          </reporter-output>
        </test-method> <!-- Bc -->
        <test-method signature="test1()[pri:0, instance:TestLUMA.TestPageLuma@67c27493]" started-at="2022-12-27T21:22:17 EST" name="test1" finished-at="2022-12-27T21:22:18 EST" duration-ms="973" status="PASS">
          <reporter-output>
          </reporter-output>
        </test-method> <!-- test1 -->
        <test-method signature="test2()[pri:0, instance:TestLUMA.TestPageLuma@67c27493]" started-at="2022-12-27T21:22:18 EST" name="test2" finished-at="2022-12-27T21:22:19 EST" duration-ms="758" status="PASS">
          <reporter-output>
          </reporter-output>
        </test-method> <!-- test2 -->
        <test-method signature="test3()[pri:0, instance:TestLUMA.TestPageLuma@67c27493]" started-at="2022-12-27T21:22:19 EST" name="test3" finished-at="2022-12-27T21:22:23 EST" duration-ms="3494" status="PASS">
          <reporter-output>
          </reporter-output>
        </test-method> <!-- test3 -->
        <test-method signature="test4()[pri:0, instance:TestLUMA.TestPageLuma@67c27493]" started-at="2022-12-27T21:22:23 EST" name="test4" finished-at="2022-12-27T21:22:27 EST" duration-ms="4268" status="PASS">
          <reporter-output>
          </reporter-output>
        </test-method> <!-- test4 -->
        <test-method signature="test5()[pri:0, instance:TestLUMA.TestPageLuma@67c27493]" started-at="2022-12-27T21:22:27 EST" name="test5" finished-at="2022-12-27T21:22:31 EST" duration-ms="4210" status="PASS">
          <reporter-output>
          </reporter-output>
        </test-method> <!-- test5 -->
        <test-method signature="test6()[pri:0, instance:TestLUMA.TestPageLuma@67c27493]" started-at="2022-12-27T21:22:31 EST" name="test6" finished-at="2022-12-27T21:22:33 EST" duration-ms="2115" status="PASS">
          <reporter-output>
          </reporter-output>
        </test-method> <!-- test6 -->
        <test-method signature="test7()[pri:0, instance:TestLUMA.TestPageLuma@67c27493]" started-at="2022-12-27T21:22:33 EST" name="test7" finished-at="2022-12-27T21:22:38 EST" duration-ms="5232" status="PASS">
          <reporter-output>
          </reporter-output>
        </test-method> <!-- test7 -->
        <test-method signature="test8()[pri:0, instance:TestLUMA.TestPageLuma@67c27493]" started-at="2022-12-27T21:22:38 EST" name="test8" finished-at="2022-12-27T21:23:09 EST" duration-ms="30815" status="PASS">
          <reporter-output>
          </reporter-output>
        </test-method> <!-- test8 -->
        <test-method is-config="true" signature="CB()[pri:0, instance:TestLUMA.TestPageLuma@67c27493]" started-at="2022-12-27T21:23:09 EST" name="CB" finished-at="2022-12-27T21:23:15 EST" duration-ms="6094" status="PASS">
          <reporter-output>
          </reporter-output>
        </test-method> <!-- CB -->
      </class> <!-- TestLUMA.TestPageLuma -->
    </test> <!-- Default test -->
  </suite> <!-- Default suite -->
</testng-results>
